{"/Volumes/Work/www/react-demo/Task 4 (Testing lecture)/jest/config.js": {"path":"/Volumes/Work/www/react-demo/Task 4 (Testing lecture)/jest/config.js","statementMap":{"0":{"start":{"line":6,"column":0},"end":{"line":6,"column":45}}},"fnMap":{},"branchMap":{},"s":{"0":1},"f":{},"b":{},"_coverageSchema":"332fd63041d2c1bcb487cc26dd0d5f7d97098a6c","hash":"2e99be6bd898f0f29154393b02fc6efaf0fdb9f4"}
,"/Volumes/Work/www/react-demo/Task 4 (Testing lecture)/src/App.jsx": {"path":"/Volumes/Work/www/react-demo/Task 4 (Testing lecture)/src/App.jsx","statementMap":{"0":{"start":{"line":8,"column":4},"end":{"line":8,"column":12}},"1":{"start":{"line":9,"column":4},"end":{"line":11,"column":6}},"2":{"start":{"line":15,"column":4},"end":{"line":15,"column":38}},"3":{"start":{"line":19,"column":4},"end":{"line":37,"column":5}},"4":{"start":{"line":20,"column":6},"end":{"line":24,"column":8}},"5":{"start":{"line":26,"column":6},"end":{"line":36,"column":8}}},"fnMap":{"0":{"name":"(anonymous_0)","decl":{"start":{"line":7,"column":2},"end":{"line":7,"column":3}},"loc":{"start":{"line":7,"column":16},"end":{"line":12,"column":3}},"line":7},"1":{"name":"(anonymous_1)","decl":{"start":{"line":14,"column":2},"end":{"line":14,"column":3}},"loc":{"start":{"line":14,"column":33},"end":{"line":16,"column":3}},"line":14},"2":{"name":"(anonymous_2)","decl":{"start":{"line":18,"column":2},"end":{"line":18,"column":3}},"loc":{"start":{"line":18,"column":11},"end":{"line":38,"column":3}},"line":18}},"branchMap":{"0":{"loc":{"start":{"line":19,"column":4},"end":{"line":37,"column":5}},"type":"if","locations":[{"start":{"line":19,"column":4},"end":{"line":37,"column":5}},{"start":{"line":19,"column":4},"end":{"line":37,"column":5}}],"line":19}},"s":{"0":2,"1":2,"2":0,"3":3,"4":1,"5":2},"f":{"0":2,"1":0,"2":3},"b":{"0":[1,2]},"_coverageSchema":"332fd63041d2c1bcb487cc26dd0d5f7d97098a6c","hash":"00424405de7070ec3b93ebc65bad96221d46b42c"}
,"/Volumes/Work/www/react-demo/Task 4 (Testing lecture)/src/components/logo.jsx": {"path":"/Volumes/Work/www/react-demo/Task 4 (Testing lecture)/src/components/logo.jsx","statementMap":{"0":{"start":{"line":5,"column":4},"end":{"line":9,"column":6}}},"fnMap":{"0":{"name":"(anonymous_0)","decl":{"start":{"line":4,"column":2},"end":{"line":4,"column":3}},"loc":{"start":{"line":4,"column":11},"end":{"line":10,"column":3}},"line":4}},"branchMap":{},"s":{"0":2},"f":{"0":2},"b":{},"_coverageSchema":"332fd63041d2c1bcb487cc26dd0d5f7d97098a6c","hash":"5dd42afd1c38ed0b8ee8449e814e6f7ca655f35b"}
,"/Volumes/Work/www/react-demo/Task 4 (Testing lecture)/src/components/header/header.jsx": {"path":"/Volumes/Work/www/react-demo/Task 4 (Testing lecture)/src/components/header/header.jsx","statementMap":{"0":{"start":{"line":7,"column":18},"end":{"line":9,"column":1}},"1":{"start":{"line":13,"column":4},"end":{"line":21,"column":6}}},"fnMap":{"0":{"name":"(anonymous_0)","decl":{"start":{"line":12,"column":2},"end":{"line":12,"column":3}},"loc":{"start":{"line":12,"column":11},"end":{"line":22,"column":3}},"line":12}},"branchMap":{},"s":{"0":1,"1":1},"f":{"0":1},"b":{},"_coverageSchema":"332fd63041d2c1bcb487cc26dd0d5f7d97098a6c","hash":"c8b94146bd91f65e9f8f62fb65b1696ad930e2a6"}
,"/Volumes/Work/www/react-demo/Task 4 (Testing lecture)/src/components/search/search.jsx": {"path":"/Volumes/Work/www/react-demo/Task 4 (Testing lecture)/src/components/search/search.jsx","statementMap":{"0":{"start":{"line":5,"column":4},"end":{"line":18,"column":6}}},"fnMap":{"0":{"name":"(anonymous_0)","decl":{"start":{"line":4,"column":2},"end":{"line":4,"column":3}},"loc":{"start":{"line":4,"column":11},"end":{"line":19,"column":3}},"line":4}},"branchMap":{},"s":{"0":1},"f":{"0":1},"b":{},"_coverageSchema":"332fd63041d2c1bcb487cc26dd0d5f7d97098a6c","hash":"73ebabdd3170c73d1cd31a2ed6c60bc34e3dd539"}
}
