TN:
SF:/Volumes/Work/www/react-demo/Task 4 (Testing lecture)/jest/config.js
FNF:0
FNH:0
DA:6,1
LF:1
LH:1
BRF:0
BRH:0
end_of_record
TN:
SF:/Volumes/Work/www/react-demo/Task 4 (Testing lecture)/src/App.jsx
FN:7,(anonymous_0)
FN:14,(anonymous_1)
FN:18,(anonymous_2)
FNF:3
FNH:2
FNDA:2,(anonymous_0)
FNDA:0,(anonymous_1)
FNDA:3,(anonymous_2)
DA:8,2
DA:9,2
DA:15,0
DA:19,3
DA:20,1
DA:26,2
LF:6
LH:5
BRDA:19,0,0,1
BRDA:19,0,1,2
BRF:2
BRH:2
end_of_record
TN:
SF:/Volumes/Work/www/react-demo/Task 4 (Testing lecture)/src/components/logo.jsx
FN:4,(anonymous_0)
FNF:1
FNH:1
FNDA:2,(anonymous_0)
DA:5,2
LF:1
LH:1
BRF:0
BRH:0
end_of_record
TN:
SF:/Volumes/Work/www/react-demo/Task 4 (Testing lecture)/src/components/header/header.jsx
FN:12,(anonymous_0)
FNF:1
FNH:1
FNDA:1,(anonymous_0)
DA:7,1
DA:13,1
LF:2
LH:2
BRF:0
BRH:0
end_of_record
TN:
SF:/Volumes/Work/www/react-demo/Task 4 (Testing lecture)/src/components/search/search.jsx
FN:4,(anonymous_0)
FNF:1
FNH:1
FNDA:1,(anonymous_0)
DA:5,1
LF:1
LH:1
BRF:0
BRH:0
end_of_record
